<?xml version="1.0" encoding="UTF-8"?>
<testsuite xmlns:xsi="http://www.w3.org/2001/XMLSchema-instance" xsi:schemaLocation="https://maven.apache.org/surefire/maven-surefire-plugin/xsd/surefire-test-report.xsd" name="fr.univtln.choudayer630.AppTest" time="0.087" tests="2" errors="0" skipped="1" failures="0">
  <properties>
[...]
</properties>
  <testcase name="succeedingTest" classname="fr.univtln.choudayer630.AppTest" time="0.014"/>
  <testcase name="skippedTest" classname="fr.univtln.choudayer630.AppTest" time="0">
    <skipped message="for demonstration purposes"/>
  </testcase>
</testsuite>